app/build/intermediates/manifest_merge_blame_file/debug/processDebugMainManifest/manifest-merger-blame-debug-report.txt
1<?xml version="1.0" encoding="utf-8"?>
2<manifest xmlns:android="http://schemas.android.com/apk/res/android"
3    package="com.example.timeatbleschedulerapp"
4    android:versionCode="1"
5    android:versionName="1.0" >
6
7    <uses-sdk
8        android:minSdkVersion="26"
9        android:targetSdkVersion="34" />
10
11    <uses-permission android:name="android.permission.INTERNET" />
11-->src\main\AndroidManifest.xml:5:5-67
11-->src\main\AndroidManifest.xml:5:22-64
12    <uses-permission android:name="android.permission.ACCESS_NETWORK_STATE" />
12-->src\main\AndroidManifest.xml:6:5-79
12-->src\main\AndroidManifest.xml:6:22-76
13    <uses-permission android:name="android.permission.POST_NOTIFICATIONS" />
13-->src\main\AndroidManifest.xml:7:5-77
13-->src\main\AndroidManifest.xml:7:22-74
14    <uses-permission android:name="android.permission.WAKE_LOCK" />
14-->src\main\AndroidManifest.xml:8:5-68
14-->src\main\AndroidManifest.xml:8:22-65
15    <uses-permission android:name="android.permission.RECEIVE_BOOT_COMPLETED" />
15-->src\main\AndroidManifest.xml:9:5-81
15-->src\main\AndroidManifest.xml:9:22-78
16
17    <!-- Required by older versions of Google Play services to create IID tokens -->
18    <uses-permission android:name="com.google.android.c2dm.permission.RECEIVE" />
18-->[com.google.firebase:firebase-messaging:23.4.1] AndroidManifest.xml:26:5-82
18-->[com.google.firebase:firebase-messaging:23.4.1] AndroidManifest.xml:26:22-79
19    <uses-permission android:name="com.google.android.gms.permission.AD_ID" />
19-->[com.google.android.gms:play-services-measurement-api:21.5.1] AndroidManifest.xml:25:5-79
19-->[com.google.android.gms:play-services-measurement-api:21.5.1] AndroidManifest.xml:25:22-76
20    <uses-permission android:name="android.permission.ACCESS_ADSERVICES_ATTRIBUTION" />
20-->[com.google.android.gms:play-services-measurement-api:21.5.1] AndroidManifest.xml:26:5-88
20-->[com.google.android.gms:play-services-measurement-api:21.5.1] AndroidManifest.xml:26:22-85
21    <uses-permission android:name="android.permission.ACCESS_ADSERVICES_AD_ID" />
21-->[com.google.android.gms:play-services-measurement-api:21.5.1] AndroidManifest.xml:27:5-82
21-->[com.google.android.gms:play-services-measurement-api:21.5.1] AndroidManifest.xml:27:22-79
22    <uses-permission android:name="com.google.android.finsky.permission.BIND_GET_INSTALL_REFERRER_SERVICE" />
22-->[com.google.android.gms:play-services-measurement:21.5.1] AndroidManifest.xml:26:5-110
22-->[com.google.android.gms:play-services-measurement:21.5.1] AndroidManifest.xml:26:22-107
23
24    <permission
24-->[androidx.core:core:1.12.0] AndroidManifest.xml:22:5-24:47
25        android:name="com.example.timeatbleschedulerapp.DYNAMIC_RECEIVER_NOT_EXPORTED_PERMISSION"
25-->[androidx.core:core:1.12.0] AndroidManifest.xml:23:9-81
26        android:protectionLevel="signature" />
26-->[androidx.core:core:1.12.0] AndroidManifest.xml:24:9-44
27
28    <uses-permission android:name="com.example.timeatbleschedulerapp.DYNAMIC_RECEIVER_NOT_EXPORTED_PERMISSION" />
28-->[androidx.core:core:1.12.0] AndroidManifest.xml:26:5-97
28-->[androidx.core:core:1.12.0] AndroidManifest.xml:26:22-94
29    <uses-permission android:name="com.google.android.providers.gsf.permission.READ_GSERVICES" />
29-->[com.google.android.recaptcha:recaptcha:18.4.0] AndroidManifest.xml:9:5-98
29-->[com.google.android.recaptcha:recaptcha:18.4.0] AndroidManifest.xml:9:22-95
30
31    <application
31-->src\main\AndroidManifest.xml:11:5-122:19
32        android:name="com.example.timeatbleschedulerapp.TimetableSchedulerApplication"
32-->src\main\AndroidManifest.xml:12:9-54
33        android:allowBackup="true"
33-->src\main\AndroidManifest.xml:13:9-35
34        android:appComponentFactory="androidx.core.app.CoreComponentFactory"
34-->[androidx.core:core:1.12.0] AndroidManifest.xml:28:18-86
35        android:dataExtractionRules="@xml/data_extraction_rules"
35-->src\main\AndroidManifest.xml:14:9-65
36        android:debuggable="true"
37        android:extractNativeLibs="false"
38        android:fullBackupContent="@xml/backup_rules"
38-->src\main\AndroidManifest.xml:15:9-54
39        android:icon="@mipmap/ic_launcher"
39-->src\main\AndroidManifest.xml:16:9-43
40        android:label="@string/app_name"
40-->src\main\AndroidManifest.xml:17:9-41
41        android:roundIcon="@mipmap/ic_launcher_round"
41-->src\main\AndroidManifest.xml:18:9-54
42        android:supportsRtl="true"
42-->src\main\AndroidManifest.xml:19:9-35
43        android:testOnly="true"
44        android:theme="@style/Theme.TimetableScheduler" >
44-->src\main\AndroidManifest.xml:20:9-56
45
46        <!-- Main Activity -->
47        <activity
47-->src\main\AndroidManifest.xml:24:9-32:20
48            android:name="com.example.timeatbleschedulerapp.MainActivity"
48-->src\main\AndroidManifest.xml:25:13-41
49            android:exported="true"
49-->src\main\AndroidManifest.xml:26:13-36
50            android:theme="@style/Theme.TimetableScheduler" >
50-->src\main\AndroidManifest.xml:27:13-60
51            <intent-filter>
51-->src\main\AndroidManifest.xml:28:13-31:29
52                <action android:name="android.intent.action.MAIN" />
52-->src\main\AndroidManifest.xml:29:17-69
52-->src\main\AndroidManifest.xml:29:25-66
53
54                <category android:name="android.intent.category.LAUNCHER" />
54-->src\main\AndroidManifest.xml:30:17-77
54-->src\main\AndroidManifest.xml:30:27-74
55            </intent-filter>
56        </activity>
57
58        <!-- Auth Activity -->
59        <activity
59-->src\main\AndroidManifest.xml:35:9-38:63
60            android:name="com.example.timeatbleschedulerapp.ui.screens.auth.AuthActivity"
60-->src\main\AndroidManifest.xml:36:13-57
61            android:exported="false"
61-->src\main\AndroidManifest.xml:37:13-37
62            android:theme="@style/Theme.TimetableScheduler" />
62-->src\main\AndroidManifest.xml:38:13-60
63
64        <!-- Onboarding Activity -->
65        <activity
65-->src\main\AndroidManifest.xml:41:9-44:63
66            android:name="com.example.timeatbleschedulerapp.ui.screens.onboarding.OnboardingActivity"
66-->src\main\AndroidManifest.xml:42:13-69
67            android:exported="false"
67-->src\main\AndroidManifest.xml:43:13-37
68            android:theme="@style/Theme.TimetableScheduler" />
68-->src\main\AndroidManifest.xml:44:13-60
69
70        <!-- Dashboard Activities with NoActionBar theme -->
71        <activity
71-->src\main\AndroidManifest.xml:47:9-50:75
72            android:name="com.example.timeatbleschedulerapp.ui.screens.student.StudentDashboardActivity"
72-->src\main\AndroidManifest.xml:48:13-72
73            android:exported="false"
73-->src\main\AndroidManifest.xml:49:13-37
74            android:theme="@style/Theme.TimetableScheduler.NoActionBar" />
74-->src\main\AndroidManifest.xml:50:13-72
75        <activity
75-->src\main\AndroidManifest.xml:52:9-55:75
76            android:name="com.example.timeatbleschedulerapp.ui.screens.teacher.TeacherDashboardActivity"
76-->src\main\AndroidManifest.xml:53:13-72
77            android:exported="false"
77-->src\main\AndroidManifest.xml:54:13-37
78            android:theme="@style/Theme.TimetableScheduler.NoActionBar" />
78-->src\main\AndroidManifest.xml:55:13-72
79        <activity
79-->src\main\AndroidManifest.xml:57:9-60:75
80            android:name="com.example.timeatbleschedulerapp.ui.screens.coordinator.CoordinatorDashboardActivity"
80-->src\main\AndroidManifest.xml:58:13-80
81            android:exported="false"
81-->src\main\AndroidManifest.xml:59:13-37
82            android:theme="@style/Theme.TimetableScheduler.NoActionBar" />
82-->src\main\AndroidManifest.xml:60:13-72
83
84        <!-- Other Activities -->
85        <activity
85-->src\main\AndroidManifest.xml:63:9-66:75
86            android:name="com.example.timeatbleschedulerapp.ui.screens.timetable.TimetableViewerActivity"
86-->src\main\AndroidManifest.xml:64:13-73
87            android:exported="false"
87-->src\main\AndroidManifest.xml:65:13-37
88            android:theme="@style/Theme.TimetableScheduler.NoActionBar" />
88-->src\main\AndroidManifest.xml:66:13-72
89        <activity
89-->src\main\AndroidManifest.xml:68:9-71:75
90            android:name="com.example.timeatbleschedulerapp.ui.screens.notifications.NotificationsActivity"
90-->src\main\AndroidManifest.xml:69:13-75
91            android:exported="false"
91-->src\main\AndroidManifest.xml:70:13-37
92            android:theme="@style/Theme.TimetableScheduler.NoActionBar" />
92-->src\main\AndroidManifest.xml:71:13-72
93        <activity
93-->src\main\AndroidManifest.xml:73:9-76:75
94            android:name="com.example.timeatbleschedulerapp.ui.screens.teacher.SendNotificationActivity"
94-->src\main\AndroidManifest.xml:74:13-72
95            android:exported="false"
95-->src\main\AndroidManifest.xml:75:13-37
96            android:theme="@style/Theme.TimetableScheduler.NoActionBar" />
96-->src\main\AndroidManifest.xml:76:13-72
97        <activity
97-->src\main\AndroidManifest.xml:78:9-81:75
98            android:name="com.example.timeatbleschedulerapp.ui.screens.teacher.ClassListActivity"
98-->src\main\AndroidManifest.xml:79:13-65
99            android:exported="false"
99-->src\main\AndroidManifest.xml:80:13-37
100            android:theme="@style/Theme.TimetableScheduler.NoActionBar" />
100-->src\main\AndroidManifest.xml:81:13-72
101        <activity
101-->src\main\AndroidManifest.xml:83:9-86:75
102            android:name="com.example.timeatbleschedulerapp.ui.screens.student.ContactTeacherActivity"
102-->src\main\AndroidManifest.xml:84:13-70
103            android:exported="false"
103-->src\main\AndroidManifest.xml:85:13-37
104            android:theme="@style/Theme.TimetableScheduler.NoActionBar" />
104-->src\main\AndroidManifest.xml:86:13-72
105        <activity
105-->src\main\AndroidManifest.xml:88:9-91:75
106            android:name="com.example.timeatbleschedulerapp.ui.screens.coordinator.GenerateTimetableActivity"
106-->src\main\AndroidManifest.xml:89:13-77
107            android:exported="false"
107-->src\main\AndroidManifest.xml:90:13-37
108            android:theme="@style/Theme.TimetableScheduler.NoActionBar" />
108-->src\main\AndroidManifest.xml:91:13-72
109        <activity
109-->src\main\AndroidManifest.xml:93:9-96:75
110            android:name="com.example.timeatbleschedulerapp.ui.screens.coordinator.AssignTimetableActivity"
110-->src\main\AndroidManifest.xml:94:13-75
111            android:exported="false"
111-->src\main\AndroidManifest.xml:95:13-37
112            android:theme="@style/Theme.TimetableScheduler.NoActionBar" />
112-->src\main\AndroidManifest.xml:96:13-72
113        <activity
113-->src\main\AndroidManifest.xml:98:9-101:75
114            android:name="com.example.timeatbleschedulerapp.ui.screens.coordinator.ReportsActivity"
114-->src\main\AndroidManifest.xml:99:13-67
115            android:exported="false"
115-->src\main\AndroidManifest.xml:100:13-37
116            android:theme="@style/Theme.TimetableScheduler.NoActionBar" />
116-->src\main\AndroidManifest.xml:101:13-72
117
118        <!-- Firebase Messaging Service -->
119        <service
119-->src\main\AndroidManifest.xml:104:9-110:19
120            android:name="com.example.timeatbleschedulerapp.services.FirebaseMessagingService"
120-->src\main\AndroidManifest.xml:105:13-62
121            android:exported="false" >
121-->src\main\AndroidManifest.xml:106:13-37
122            <intent-filter>
122-->src\main\AndroidManifest.xml:107:13-109:29
123                <action android:name="com.google.firebase.MESSAGING_EVENT" />
123-->src\main\AndroidManifest.xml:108:17-78
123-->src\main\AndroidManifest.xml:108:25-75
124            </intent-filter>
125        </service>
126
127        <!-- FCM Service -->
128        <service
128-->src\main\AndroidManifest.xml:113:9-115:40
129            android:name="com.example.timeatbleschedulerapp.services.FCMService"
129-->src\main\AndroidManifest.xml:114:13-48
130            android:exported="false" />
130-->src\main\AndroidManifest.xml:115:13-37
131
132        <!-- Notification Service -->
133        <service
133-->src\main\AndroidManifest.xml:118:9-120:40
134            android:name="com.example.timeatbleschedulerapp.services.NotificationService"
134-->src\main\AndroidManifest.xml:119:13-57
135            android:exported="false" />
135-->src\main\AndroidManifest.xml:120:13-37
136        <service
136-->[com.google.firebase:firebase-auth-ktx:22.3.1] AndroidManifest.xml:8:9-14:19
137            android:name="com.google.firebase.components.ComponentDiscoveryService"
137-->[com.google.firebase:firebase-auth-ktx:22.3.1] AndroidManifest.xml:9:13-84
138            android:directBootAware="true"
138-->[com.google.firebase:firebase-common:20.4.2] AndroidManifest.xml:32:13-43
139            android:exported="false" >
139-->[com.google.firebase:firebase-auth-ktx:22.3.1] AndroidManifest.xml:10:13-37
140            <meta-data
140-->[com.google.firebase:firebase-auth-ktx:22.3.1] AndroidManifest.xml:11:13-13:85
141                android:name="com.google.firebase.components:com.google.firebase.auth.ktx.FirebaseAuthLegacyRegistrar"
141-->[com.google.firebase:firebase-auth-ktx:22.3.1] AndroidManifest.xml:12:17-119
142                android:value="com.google.firebase.components.ComponentRegistrar" />
142-->[com.google.firebase:firebase-auth-ktx:22.3.1] AndroidManifest.xml:13:17-82
143            <meta-data
143-->[com.google.firebase:firebase-auth:22.3.1] AndroidManifest.xml:69:13-71:85
144                android:name="com.google.firebase.components:com.google.firebase.auth.FirebaseAuthRegistrar"
144-->[com.google.firebase:firebase-auth:22.3.1] AndroidManifest.xml:70:17-109
145                android:value="com.google.firebase.components.ComponentRegistrar" />
145-->[com.google.firebase:firebase-auth:22.3.1] AndroidManifest.xml:71:17-82
146            <meta-data
146-->[com.google.firebase:firebase-analytics-ktx:21.5.1] AndroidManifest.xml:11:13-13:85
147                android:name="com.google.firebase.components:com.google.firebase.analytics.ktx.FirebaseAnalyticsLegacyRegistrar"
147-->[com.google.firebase:firebase-analytics-ktx:21.5.1] AndroidManifest.xml:12:17-129
148                android:value="com.google.firebase.components.ComponentRegistrar" />
148-->[com.google.firebase:firebase-analytics-ktx:21.5.1] AndroidManifest.xml:13:17-82
149            <meta-data
149-->[com.google.firebase:firebase-firestore-ktx:24.10.3] AndroidManifest.xml:12:13-14:85
150                android:name="com.google.firebase.components:com.google.firebase.firestore.ktx.FirebaseFirestoreLegacyRegistrar"
150-->[com.google.firebase:firebase-firestore-ktx:24.10.3] AndroidManifest.xml:13:17-129
151                android:value="com.google.firebase.components.ComponentRegistrar" />
151-->[com.google.firebase:firebase-firestore-ktx:24.10.3] AndroidManifest.xml:14:17-82
152            <meta-data
152-->[com.google.firebase:firebase-messaging-ktx:23.4.1] AndroidManifest.xml:26:13-28:85
153                android:name="com.google.firebase.components:com.google.firebase.messaging.ktx.FirebaseMessagingLegacyRegistrar"
153-->[com.google.firebase:firebase-messaging-ktx:23.4.1] AndroidManifest.xml:27:17-129
154                android:value="com.google.firebase.components.ComponentRegistrar" />
154-->[com.google.firebase:firebase-messaging-ktx:23.4.1] AndroidManifest.xml:28:17-82
155            <meta-data
155-->[com.google.firebase:firebase-firestore:24.10.3] AndroidManifest.xml:17:13-19:85
156                android:name="com.google.firebase.components:com.google.firebase.firestore.FirebaseFirestoreKtxRegistrar"
156-->[com.google.firebase:firebase-firestore:24.10.3] AndroidManifest.xml:18:17-122
157                android:value="com.google.firebase.components.ComponentRegistrar" />
157-->[com.google.firebase:firebase-firestore:24.10.3] AndroidManifest.xml:19:17-82
158            <meta-data
158-->[com.google.firebase:firebase-firestore:24.10.3] AndroidManifest.xml:20:13-22:85
159                android:name="com.google.firebase.components:com.google.firebase.firestore.FirestoreRegistrar"
159-->[com.google.firebase:firebase-firestore:24.10.3] AndroidManifest.xml:21:17-111
160                android:value="com.google.firebase.components.ComponentRegistrar" />
160-->[com.google.firebase:firebase-firestore:24.10.3] AndroidManifest.xml:22:17-82
161            <meta-data
161-->[com.google.firebase:firebase-messaging:23.4.1] AndroidManifest.xml:57:13-59:85
162                android:name="com.google.firebase.components:com.google.firebase.messaging.FirebaseMessagingKtxRegistrar"
162-->[com.google.firebase:firebase-messaging:23.4.1] AndroidManifest.xml:58:17-122
163                android:value="com.google.firebase.components.ComponentRegistrar" />
163-->[com.google.firebase:firebase-messaging:23.4.1] AndroidManifest.xml:59:17-82
164            <meta-data
164-->[com.google.firebase:firebase-messaging:23.4.1] AndroidManifest.xml:60:13-62:85
165                android:name="com.google.firebase.components:com.google.firebase.messaging.FirebaseMessagingRegistrar"
165-->[com.google.firebase:firebase-messaging:23.4.1] AndroidManifest.xml:61:17-119
166                android:value="com.google.firebase.components.ComponentRegistrar" />
166-->[com.google.firebase:firebase-messaging:23.4.1] AndroidManifest.xml:62:17-82
167            <meta-data
167-->[com.google.android.gms:play-services-measurement-api:21.5.1] AndroidManifest.xml:37:13-39:85
168                android:name="com.google.firebase.components:com.google.firebase.analytics.connector.internal.AnalyticsConnectorRegistrar"
168-->[com.google.android.gms:play-services-measurement-api:21.5.1] AndroidManifest.xml:38:17-139
169                android:value="com.google.firebase.components.ComponentRegistrar" />
169-->[com.google.android.gms:play-services-measurement-api:21.5.1] AndroidManifest.xml:39:17-82
170            <meta-data
170-->[com.google.firebase:firebase-installations:17.2.0] AndroidManifest.xml:15:13-17:85
171                android:name="com.google.firebase.components:com.google.firebase.installations.FirebaseInstallationsKtxRegistrar"
171-->[com.google.firebase:firebase-installations:17.2.0] AndroidManifest.xml:16:17-130
172                android:value="com.google.firebase.components.ComponentRegistrar" />
172-->[com.google.firebase:firebase-installations:17.2.0] AndroidManifest.xml:17:17-82
173            <meta-data
173-->[com.google.firebase:firebase-installations:17.2.0] AndroidManifest.xml:18:13-20:85
174                android:name="com.google.firebase.components:com.google.firebase.installations.FirebaseInstallationsRegistrar"
174-->[com.google.firebase:firebase-installations:17.2.0] AndroidManifest.xml:19:17-127
175                android:value="com.google.firebase.components.ComponentRegistrar" />
175-->[com.google.firebase:firebase-installations:17.2.0] AndroidManifest.xml:20:17-82
176            <meta-data
176-->[com.google.firebase:firebase-common-ktx:20.4.2] AndroidManifest.xml:12:13-14:85
177                android:name="com.google.firebase.components:com.google.firebase.ktx.FirebaseCommonLegacyRegistrar"
177-->[com.google.firebase:firebase-common-ktx:20.4.2] AndroidManifest.xml:13:17-116
178                android:value="com.google.firebase.components.ComponentRegistrar" />
178-->[com.google.firebase:firebase-common-ktx:20.4.2] AndroidManifest.xml:14:17-82
179            <meta-data
179-->[com.google.firebase:firebase-common:20.4.2] AndroidManifest.xml:35:13-37:85
180                android:name="com.google.firebase.components:com.google.firebase.FirebaseCommonKtxRegistrar"
180-->[com.google.firebase:firebase-common:20.4.2] AndroidManifest.xml:36:17-109
181                android:value="com.google.firebase.components.ComponentRegistrar" />
181-->[com.google.firebase:firebase-common:20.4.2] AndroidManifest.xml:37:17-82
182            <meta-data
182-->[com.google.firebase:firebase-datatransport:18.1.7] AndroidManifest.xml:27:13-29:85
183                android:name="com.google.firebase.components:com.google.firebase.datatransport.TransportRegistrar"
183-->[com.google.firebase:firebase-datatransport:18.1.7] AndroidManifest.xml:28:17-115
184                android:value="com.google.firebase.components.ComponentRegistrar" />
184-->[com.google.firebase:firebase-datatransport:18.1.7] AndroidManifest.xml:29:17-82
185        </service>
186
187        <activity
187-->[com.google.firebase:firebase-auth:22.3.1] AndroidManifest.xml:29:9-46:20
188            android:name="com.google.firebase.auth.internal.GenericIdpActivity"
188-->[com.google.firebase:firebase-auth:22.3.1] AndroidManifest.xml:30:13-80
189            android:excludeFromRecents="true"
189-->[com.google.firebase:firebase-auth:22.3.1] AndroidManifest.xml:31:13-46
190            android:exported="true"
190-->[com.google.firebase:firebase-auth:22.3.1] AndroidManifest.xml:32:13-36
191            android:launchMode="singleTask"
191-->[com.google.firebase:firebase-auth:22.3.1] AndroidManifest.xml:33:13-44
192            android:theme="@android:style/Theme.Translucent.NoTitleBar" >
192-->[com.google.firebase:firebase-auth:22.3.1] AndroidManifest.xml:34:13-72
193            <intent-filter>
193-->[com.google.firebase:firebase-auth:22.3.1] AndroidManifest.xml:35:13-45:29
194                <action android:name="android.intent.action.VIEW" />
194-->[com.google.firebase:firebase-auth:22.3.1] AndroidManifest.xml:36:17-69
194-->[com.google.firebase:firebase-auth:22.3.1] AndroidManifest.xml:36:25-66
195
196                <category android:name="android.intent.category.DEFAULT" />
196-->[com.google.firebase:firebase-auth:22.3.1] AndroidManifest.xml:38:17-76
196-->[com.google.firebase:firebase-auth:22.3.1] AndroidManifest.xml:38:27-73
197                <category android:name="android.intent.category.BROWSABLE" />
197-->[com.google.firebase:firebase-auth:22.3.1] AndroidManifest.xml:39:17-78
197-->[com.google.firebase:firebase-auth:22.3.1] AndroidManifest.xml:39:27-75
198
199                <data
199-->[com.google.firebase:firebase-auth:22.3.1] AndroidManifest.xml:41:17-44:51
200                    android:host="firebase.auth"
200-->[com.google.firebase:firebase-auth:22.3.1] AndroidManifest.xml:42:21-49
201                    android:path="/"
201-->[com.google.firebase:firebase-auth:22.3.1] AndroidManifest.xml:43:21-37
202                    android:scheme="genericidp" />
202-->[com.google.firebase:firebase-auth:22.3.1] AndroidManifest.xml:44:21-48
203            </intent-filter>
204        </activity>
205        <activity
205-->[com.google.firebase:firebase-auth:22.3.1] AndroidManifest.xml:47:9-64:20
206            android:name="com.google.firebase.auth.internal.RecaptchaActivity"
206-->[com.google.firebase:firebase-auth:22.3.1] AndroidManifest.xml:48:13-79
207            android:excludeFromRecents="true"
207-->[com.google.firebase:firebase-auth:22.3.1] AndroidManifest.xml:49:13-46
208            android:exported="true"
208-->[com.google.firebase:firebase-auth:22.3.1] AndroidManifest.xml:50:13-36
209            android:launchMode="singleTask"
209-->[com.google.firebase:firebase-auth:22.3.1] AndroidManifest.xml:51:13-44
210            android:theme="@android:style/Theme.Translucent.NoTitleBar" >
210-->[com.google.firebase:firebase-auth:22.3.1] AndroidManifest.xml:52:13-72
211            <intent-filter>
211-->[com.google.firebase:firebase-auth:22.3.1] AndroidManifest.xml:53:13-63:29
212                <action android:name="android.intent.action.VIEW" />
212-->[com.google.firebase:firebase-auth:22.3.1] AndroidManifest.xml:36:17-69
212-->[com.google.firebase:firebase-auth:22.3.1] AndroidManifest.xml:36:25-66
213
214                <category android:name="android.intent.category.DEFAULT" />
214-->[com.google.firebase:firebase-auth:22.3.1] AndroidManifest.xml:38:17-76
214-->[com.google.firebase:firebase-auth:22.3.1] AndroidManifest.xml:38:27-73
215                <category android:name="android.intent.category.BROWSABLE" />
215-->[com.google.firebase:firebase-auth:22.3.1] AndroidManifest.xml:39:17-78
215-->[com.google.firebase:firebase-auth:22.3.1] AndroidManifest.xml:39:27-75
216
217                <data
217-->[com.google.firebase:firebase-auth:22.3.1] AndroidManifest.xml:41:17-44:51
218                    android:host="firebase.auth"
218-->[com.google.firebase:firebase-auth:22.3.1] AndroidManifest.xml:42:21-49
219                    android:path="/"
219-->[com.google.firebase:firebase-auth:22.3.1] AndroidManifest.xml:43:21-37
220                    android:scheme="recaptcha" />
220-->[com.google.firebase:firebase-auth:22.3.1] AndroidManifest.xml:44:21-48
221            </intent-filter>
222        </activity>
223
224        <receiver
224-->[com.google.firebase:firebase-messaging:23.4.1] AndroidManifest.xml:29:9-40:20
225            android:name="com.google.firebase.iid.FirebaseInstanceIdReceiver"
225-->[com.google.firebase:firebase-messaging:23.4.1] AndroidManifest.xml:30:13-78
226            android:exported="true"
226-->[com.google.firebase:firebase-messaging:23.4.1] AndroidManifest.xml:31:13-36
227            android:permission="com.google.android.c2dm.permission.SEND" >
227-->[com.google.firebase:firebase-messaging:23.4.1] AndroidManifest.xml:32:13-73
228            <intent-filter>
228-->[com.google.firebase:firebase-messaging:23.4.1] AndroidManifest.xml:33:13-35:29
229                <action android:name="com.google.android.c2dm.intent.RECEIVE" />
229-->[com.google.firebase:firebase-messaging:23.4.1] AndroidManifest.xml:34:17-81
229-->[com.google.firebase:firebase-messaging:23.4.1] AndroidManifest.xml:34:25-78
230            </intent-filter>
231
232            <meta-data
232-->[com.google.firebase:firebase-messaging:23.4.1] AndroidManifest.xml:37:13-39:40
233                android:name="com.google.android.gms.cloudmessaging.FINISHED_AFTER_HANDLED"
233-->[com.google.firebase:firebase-messaging:23.4.1] AndroidManifest.xml:38:17-92
234                android:value="true" />
234-->[com.google.firebase:firebase-messaging:23.4.1] AndroidManifest.xml:39:17-37
235        </receiver>
236        <!--
237             FirebaseMessagingService performs security checks at runtime,
238             but set to not exported to explicitly avoid allowing another app to call it.
239        -->
240        <service
240-->[com.google.firebase:firebase-messaging:23.4.1] AndroidManifest.xml:46:9-53:19
241            android:name="com.google.firebase.messaging.FirebaseMessagingService"
241-->[com.google.firebase:firebase-messaging:23.4.1] AndroidManifest.xml:47:13-82
242            android:directBootAware="true"
242-->[com.google.firebase:firebase-messaging:23.4.1] AndroidManifest.xml:48:13-43
243            android:exported="false" >
243-->[com.google.firebase:firebase-messaging:23.4.1] AndroidManifest.xml:49:13-37
244            <intent-filter android:priority="-500" >
244-->src\main\AndroidManifest.xml:107:13-109:29
245                <action android:name="com.google.firebase.MESSAGING_EVENT" />
245-->src\main\AndroidManifest.xml:108:17-78
245-->src\main\AndroidManifest.xml:108:25-75
246            </intent-filter>
247        </service>
248
249        <property
249-->[com.google.android.gms:play-services-measurement-api:21.5.1] AndroidManifest.xml:30:9-32:61
250            android:name="android.adservices.AD_SERVICES_CONFIG"
250-->[com.google.android.gms:play-services-measurement-api:21.5.1] AndroidManifest.xml:31:13-65
251            android:resource="@xml/ga_ad_services_config" />
251-->[com.google.android.gms:play-services-measurement-api:21.5.1] AndroidManifest.xml:32:13-58
252
253        <provider
253-->[com.google.firebase:firebase-common:20.4.2] AndroidManifest.xml:23:9-28:39
254            android:name="com.google.firebase.provider.FirebaseInitProvider"
254-->[com.google.firebase:firebase-common:20.4.2] AndroidManifest.xml:24:13-77
255            android:authorities="com.example.timeatbleschedulerapp.firebaseinitprovider"
255-->[com.google.firebase:firebase-common:20.4.2] AndroidManifest.xml:25:13-72
256            android:directBootAware="true"
256-->[com.google.firebase:firebase-common:20.4.2] AndroidManifest.xml:26:13-43
257            android:exported="false"
257-->[com.google.firebase:firebase-common:20.4.2] AndroidManifest.xml:27:13-37
258            android:initOrder="100" />
258-->[com.google.firebase:firebase-common:20.4.2] AndroidManifest.xml:28:13-36
259
260        <receiver
260-->[com.google.android.gms:play-services-measurement:21.5.1] AndroidManifest.xml:29:9-33:20
261            android:name="com.google.android.gms.measurement.AppMeasurementReceiver"
261-->[com.google.android.gms:play-services-measurement:21.5.1] AndroidManifest.xml:30:13-85
262            android:enabled="true"
262-->[com.google.android.gms:play-services-measurement:21.5.1] AndroidManifest.xml:31:13-35
263            android:exported="false" >
263-->[com.google.android.gms:play-services-measurement:21.5.1] AndroidManifest.xml:32:13-37
264        </receiver>
265
266        <service
266-->[com.google.android.gms:play-services-measurement:21.5.1] AndroidManifest.xml:35:9-38:40
267            android:name="com.google.android.gms.measurement.AppMeasurementService"
267-->[com.google.android.gms:play-services-measurement:21.5.1] AndroidManifest.xml:36:13-84
268            android:enabled="true"
268-->[com.google.android.gms:play-services-measurement:21.5.1] AndroidManifest.xml:37:13-35
269            android:exported="false" />
269-->[com.google.android.gms:play-services-measurement:21.5.1] AndroidManifest.xml:38:13-37
270        <service
270-->[com.google.android.gms:play-services-measurement:21.5.1] AndroidManifest.xml:39:9-43:72
271            android:name="com.google.android.gms.measurement.AppMeasurementJobService"
271-->[com.google.android.gms:play-services-measurement:21.5.1] AndroidManifest.xml:40:13-87
272            android:enabled="true"